Running: D:\Downloads\14.7\ISE_DS\ISE\bin\nt64\unwrapped\fuse.exe -intstyle ise -incremental -lib secureip -o C:/Users/maria/Proiect/Numaratoare/num_sec_isim_beh.exe -prj C:/Users/maria/Proiect/Numaratoare/num_sec_beh.prj work.num_sec 
ISim P.20131013 (signature 0x7708f090)
Number of CPUs detected in this system: 4
Turning on mult-threading, number of parallel sub-compilation jobs: 8 
Determining compilation order of HDL files
Parsing VHDL file "C:/Users/maria/Proiect/Numaratoare/Numarator_secunde_unitati.vhd" into library work
Parsing VHDL file "C:/Users/maria/Proiect/Numaratoare/num_sec.vhd" into library work
Starting static elaboration
Completed static elaboration
Compiling package standard
Compiling package std_logic_1164
Compiling package std_logic_arith
Compiling package std_logic_unsigned
Compiling architecture behavioral of entity Numarator_secunde_unitati_1 [numarator_secunde_unitati_1_defa...]
Compiling architecture behavior of entity num_sec
Time Resolution for simulation is 1ps.
Waiting for 1 sub-compilation(s) to finish...
Compiled 7 VHDL Units
Built simulation executable C:/Users/maria/Proiect/Numaratoare/num_sec_isim_beh.exe
Fuse Memory Usage: 34384 KB
Fuse CPU Usage: 343 ms
